WARNING: Information about .sconsign.dblite may be misleading 
as it can be edited after state_of_repo.log finishes running

===================================

 GIT STATUS

===================================
Last commit:

commit 414cc45e08f49c0bfc1c81b3afe36b47d6a92066
Author: Quan Le <lequan@stanford.edu>
Date:   Wed Aug 30 15:19:51 2017 -0700

    add .ipynb to gitignore


Files changed since last commit:

analysis/release/descriptive/plot.eps
analysis/release/descriptive/sconscript_descriptive.log
analysis/release/sconstruct.log
analysis/release/state_of_repo.log
paper_slides/SConstruct
paper_slides/release/paper/ondeck.pdf
paper_slides/release/paper/online_appendix.pdf
paper_slides/release/paper/paper.pdf
paper_slides/release/paper/sconscript.log
paper_slides/release/paper/text.pdf
paper_slides/release/sconstruct.log
paper_slides/release/state_of_repo.log
paper_slides/release/talk/sconscript.log
paper_slides/release/talk/slides.pdf

===================================

 FILE STATUS

===================================
./config_global.yaml:
   modified on: 30 Aug 2017 15:23:47
   size of file: 365
./configuration_test.py:
   modified on: 30 Aug 2017 15:23:47
   size of file: 2016
./SConstruct:
   modified on: 30 Aug 2017 17:22:01
   size of file: 2111
./sconstruct.log:
   modified on: 30 Aug 2017 17:40:22
   size of file: 199
./state_of_repo.log:
   modified on: 30 Aug 2017 17:40:23
   size of file: 953
./build/paper/ondeck.pdf:
   modified on: 30 Aug 2017 17:22:06
   size of file: 18273
./build/paper/online_appendix.pdf:
   modified on: 30 Aug 2017 17:22:07
   size of file: 45354
./build/paper/paper.pdf:
   modified on: 30 Aug 2017 17:22:10
   size of file: 58952
./build/paper/sconscript.log:
   modified on: 30 Aug 2017 17:22:10
   size of file: 342
./build/paper/text.pdf:
   modified on: 30 Aug 2017 17:22:10
   size of file: 18273
./build/tables/sconscript.log:
   modified on: 30 Aug 2017 17:22:07
   size of file: 157
./build/tables/table.lyx:
   modified on: 30 Aug 2017 17:22:07
   size of file: 4094
./build/talk/sconscript.log:
   modified on: 30 Aug 2017 17:22:14
   size of file: 589
./build/talk/slides.pdf:
   modified on: 30 Aug 2017 17:22:14
   size of file: 29952
./input/plot.eps:
   modified on: 30 Aug 2017 15:23:47
   size of file: 15385
./input/provenance.log:
   modified on: 30 Aug 2017 17:33:19
   size of file: 14387
./input/provenance.txt:
   modified on: 30 Aug 2017 15:23:47
   size of file: 78
./input/table.txt:
   modified on: 30 Aug 2017 15:23:47
   size of file: 39
./release/provenance.log:
   modified on: 30 Aug 2017 17:40:22
   size of file: 29946
./release/sconstruct.log:
   modified on: 30 Aug 2017 17:32:49
   size of file: 250
./release/state_of_repo.log:
   modified on: 30 Aug 2017 17:32:48
   size of file: 4451
./release/paper/ondeck.pdf:
   modified on: 30 Aug 2017 17:22:06
   size of file: 18273
./release/paper/online_appendix.pdf:
   modified on: 30 Aug 2017 17:22:07
   size of file: 45354
./release/paper/paper.aux:
   modified on: 22 Aug 2017 21:26:48
   size of file: 342
./release/paper/paper.pdf:
   modified on: 30 Aug 2017 17:22:10
   size of file: 58952
./release/paper/sconscript.log:
   modified on: 30 Aug 2017 17:22:10
   size of file: 342
./release/paper/text.pdf:
   modified on: 30 Aug 2017 17:22:10
   size of file: 18273
./release/talk/sconscript.log:
   modified on: 30 Aug 2017 17:22:14
   size of file: 589
./release/talk/slides.pdf:
   modified on: 30 Aug 2017 17:22:14
   size of file: 29952
./source/figures/figure.lyx:
   modified on: 30 Aug 2017 15:23:47
   size of file: 2214
./source/paper/ondeck.lyx:
   modified on: 30 Aug 2017 15:23:47
   size of file: 2522
./source/paper/online_appendix.lyx:
   modified on: 30 Aug 2017 15:23:47
   size of file: 3610
./source/paper/paper.lyx:
   modified on: 30 Aug 2017 15:23:47
   size of file: 5236
./source/paper/SConscript:
   modified on: 30 Aug 2017 15:23:47
   size of file: 677
./source/paper/text.lyx:
   modified on: 30 Aug 2017 15:23:47
   size of file: 2522
./source/paper/text.tex:
   modified on: 30 Aug 2017 15:23:47
   size of file: 1300
./source/tables/SConscript:
   modified on: 30 Aug 2017 15:23:47
   size of file: 233
./source/tables/table.lyx:
   modified on: 30 Aug 2017 15:23:47
   size of file: 4082
./source/talk/SConscript:
   modified on: 30 Aug 2017 15:23:47
   size of file: 237
./source/talk/slides.lyx:
   modified on: 30 Aug 2017 15:23:47
   size of file: 4697
